<?xml version="1.0" encoding="UTF-8"?>
<!-- Generated by org.testng.reporters.JUnitXMLReporter -->
<testsuite ignored="0" hostname="DESKTOP-O1RHDTI" failures="0" tests="1" name="Test" time="1.254" errors="0" timestamp="2022-05-26T16:22:13 IST">
  <testcase classname="com.sdet34l1.genericlibrary.BaseClass" name="@BeforeClass beforeclassTest" time="-1.653562333748E9">
    <failure type="org.testng.TestNGException" message="
Parameter &amp;apos;browser&amp;apos; is required by BeforeClass on method beforeclassTest but has not been marked @Optional or defined
in C:\Users\Admin\Documents\SDET34L1\camptestng.xml">
      <![CDATA[org.testng.TestNGException: 
Parameter 'browser' is required by BeforeClass on method beforeclassTest but has not been marked @Optional or defined
in C:\Users\Admin\Documents\SDET34L1\camptestng.xml
at java.base/java.util.ArrayList.forEach(ArrayList.java:1511)
... Removed 22 stack frames]]>
    </failure>
  </testcase> <!-- @BeforeClass beforeclassTest -->
  <testcase classname="com.sdet34l1.genericlibrary.BaseClass" name="@BeforeMethod beforeMethodTest" time="-1.653562333833E9">
    <skipped/>
  </testcase> <!-- @BeforeMethod beforeMethodTest -->
  <testcase classname="com.sdet34l1.genericlibrary.BaseClass" name="@AfterMethod afterMethodTest" time="-1.653562333881E9">
    <skipped/>
  </testcase> <!-- @AfterMethod afterMethodTest -->
  <testcase classname="com.sdet34l1.genericlibrary.BaseClass" name="@AfterClass afterClassTest" time="-1.653562333894E9">
    <skipped/>
  </testcase> <!-- @AfterClass afterClassTest -->
  <testcase classname="com.vtiger.campaignTest.CreateCampaignTest" name="createCampaignTest" time="0.0">
    <skipped/>
  </testcase> <!-- createCampaignTest -->
</testsuite> <!-- Test -->
